Sun Apr 13 2025 16:41:43 GMT+0700 (Indochina Time) - Peer connected: HC402NTyL7p6Ky5xAAAB
Mon Apr 14 2025 15:45:57 GMT+0700 (Indochina Time) - Peer connected: yOmzE8WUUSQg7l8PAAAB
Mon Apr 14 2025 15:46:20 GMT+0700 (Indochina Time) - Peer connected: EDvw6luiJK0TdLfzAAAD
Mon Apr 14 2025 15:49:52 GMT+0700 (Indochina Time) - Peer connected: gri_6cMxDR-Qtro4AAAF
Mon Apr 14 2025 15:50:15 GMT+0700 (Indochina Time) - Peer disconnected: gri_6cMxDR-Qtro4AAAF
Mon Apr 14 2025 15:50:36 GMT+0700 (Indochina Time) - Peer connected: 3S8xrsBA39CfvsyTAAAH
Mon Apr 14 2025 15:50:48 GMT+0700 (Indochina Time) - Peer disconnected: 3S8xrsBA39CfvsyTAAAH
Mon Apr 14 2025 15:51:28 GMT+0700 (Indochina Time) - Peer connected: -Ethf_6Rra2825RjAAAJ
Mon Apr 14 2025 15:51:50 GMT+0700 (Indochina Time) - Peer disconnected: -Ethf_6Rra2825RjAAAJ
Mon Apr 14 2025 15:51:55 GMT+0700 (Indochina Time) - Peer disconnected: EDvw6luiJK0TdLfzAAAD
Mon Apr 14 2025 15:54:57 GMT+0700 (Indochina Time) - Peer connected: fiflDFOv7p8IIXw1AAAL
Mon Apr 14 2025 15:55:42 GMT+0700 (Indochina Time) - Peer connected: SP65n9TzNS2DcemLAAAN
Mon Apr 14 2025 15:56:04 GMT+0700 (Indochina Time) - Peer connected: _XpB8OKsG_eqKvJNAAAB
Mon Apr 14 2025 15:56:04 GMT+0700 (Indochina Time) - Peer connected: 90lUjrPnBPcRewRYAAAD
Mon Apr 14 2025 15:56:04 GMT+0700 (Indochina Time) - Peer connected: u_z8idxVHvwt9dAUAAAF
Mon Apr 14 2025 15:56:26 GMT+0700 (Indochina Time) - Peer connected: OQA6sq_DmK2uOR8CAAAH
Mon Apr 14 2025 15:56:37 GMT+0700 (Indochina Time) - Peer connected: TJfwBY8EvuGzMy9DAAAJ
Mon Apr 14 2025 15:56:41 GMT+0700 (Indochina Time) - Peer disconnected: TJfwBY8EvuGzMy9DAAAJ
Mon Apr 14 2025 15:56:42 GMT+0700 (Indochina Time) - Peer disconnected: OQA6sq_DmK2uOR8CAAAH
Mon Apr 14 2025 15:56:49 GMT+0700 (Indochina Time) - Peer disconnected: 90lUjrPnBPcRewRYAAAD
Mon Apr 14 2025 15:56:49 GMT+0700 (Indochina Time) - Peer disconnected: _XpB8OKsG_eqKvJNAAAB
Mon Apr 14 2025 15:57:14 GMT+0700 (Indochina Time) - Peer disconnected: u_z8idxVHvwt9dAUAAAF
Tue Apr 15 2025 22:00:33 GMT+0700 (Indochina Time) - Peer connected: bBSBJLgNa_9PbBllAAAB
Tue Apr 15 2025 22:00:49 GMT+0700 (Indochina Time) - Peer connected: RzPJibaoKc8_BM-zAAAD
Tue Apr 15 2025 22:00:50 GMT+0700 (Indochina Time) - Peer disconnected: RzPJibaoKc8_BM-zAAAD
Tue Apr 15 2025 22:00:55 GMT+0700 (Indochina Time) - Peer connected: XPTvD-4TzB-O8kNaAAAF
Tue Apr 15 2025 22:00:57 GMT+0700 (Indochina Time) - Peer disconnected: XPTvD-4TzB-O8kNaAAAF
Tue Apr 15 2025 22:01:09 GMT+0700 (Indochina Time) - Peer connected: wM1AV4b2k6z6vXBsAAAH
Tue Apr 15 2025 22:01:27 GMT+0700 (Indochina Time) - Peer connected: U3PSlRTHg2GKQNEfAAAJ
Tue Apr 15 2025 22:01:30 GMT+0700 (Indochina Time) - Peer disconnected: bBSBJLgNa_9PbBllAAAB
Tue Apr 15 2025 22:01:30 GMT+0700 (Indochina Time) - Peer disconnected: U3PSlRTHg2GKQNEfAAAJ
Tue Apr 15 2025 22:01:30 GMT+0700 (Indochina Time) - Peer connected: wsjbOvBisTVEPTR3AAAL
Tue Apr 15 2025 22:02:00 GMT+0700 (Indochina Time) - Peer connected: X4FqeuPI-od802axAAAN
Tue Apr 15 2025 22:02:12 GMT+0700 (Indochina Time) - Peer disconnected: X4FqeuPI-od802axAAAN
Tue Apr 15 2025 22:02:12 GMT+0700 (Indochina Time) - Peer disconnected: wM1AV4b2k6z6vXBsAAAH
Tue Apr 15 2025 22:03:25 GMT+0700 (Indochina Time) - Peer connected: HWRjIKAVmi-xM1s9AAAP
Tue Apr 15 2025 22:04:55 GMT+0700 (Indochina Time) - Peer disconnected: HWRjIKAVmi-xM1s9AAAP
Tue Apr 15 2025 22:04:55 GMT+0700 (Indochina Time) - Peer connected: 2RGgUcTZPu4Fdro6AAAR
Tue Apr 15 2025 22:04:56 GMT+0700 (Indochina Time) - Peer disconnected: 2RGgUcTZPu4Fdro6AAAR
Tue Apr 15 2025 22:04:56 GMT+0700 (Indochina Time) - Peer connected: Vm_vvqNuZLcgofSOAAAT
Tue Apr 15 2025 22:05:06 GMT+0700 (Indochina Time) - Peer connected: CjNjqjWOLbBW_9nkAAAV
Tue Apr 15 2025 22:05:16 GMT+0700 (Indochina Time) - Peer disconnected: CjNjqjWOLbBW_9nkAAAV
Tue Apr 15 2025 22:05:16 GMT+0700 (Indochina Time) - Peer disconnected: Vm_vvqNuZLcgofSOAAAT
Tue Apr 15 2025 22:05:35 GMT+0700 (Indochina Time) - Peer disconnected: wsjbOvBisTVEPTR3AAAL
Tue Apr 15 2025 22:09:36 GMT+0700 (Indochina Time) - Peer connected: ahhdBVk3-_QCO-FKAAAX
Tue Apr 15 2025 22:12:41 GMT+0700 (Indochina Time) - Peer disconnected: ahhdBVk3-_QCO-FKAAAX
Tue Apr 15 2025 22:15:09 GMT+0700 (Indochina Time) - Peer connected: HQwB9Kfae9x6QO7oAAAB
Tue Apr 15 2025 22:15:54 GMT+0700 (Indochina Time) - Peer connected: uyF94sk5U2uHdTM0AAAB
Tue Apr 15 2025 22:20:33 GMT+0700 (Indochina Time) - Peer connected: oPNXa4F37kF88GSyAAAB
Tue Apr 15 2025 22:20:49 GMT+0700 (Indochina Time) - Peer disconnected: oPNXa4F37kF88GSyAAAB
Tue Apr 15 2025 22:20:50 GMT+0700 (Indochina Time) - Peer connected: A_IyJi6XeDpDi1MRAAAD
Wed Apr 16 2025 10:11:50 GMT+0700 (Indochina Time) - Peer connected: 25JIy9Rabv9OsZfUAAAB
Wed Apr 16 2025 10:12:14 GMT+0700 (Indochina Time) - Peer connected: ENBPKHum_nA35ag5AAAD
Wed Apr 16 2025 10:12:30 GMT+0700 (Indochina Time) - Peer disconnected: ENBPKHum_nA35ag5AAAD
Wed Apr 16 2025 10:15:10 GMT+0700 (Indochina Time) - Peer connected: Sd-QNvYTohqurKYBAAAF
Wed Apr 16 2025 10:17:59 GMT+0700 (Indochina Time) - Peer connected: qlvf9R3rG58F7MRhAAAH
Wed Apr 16 2025 10:18:18 GMT+0700 (Indochina Time) - Peer disconnected: qlvf9R3rG58F7MRhAAAH
Wed Apr 16 2025 10:18:26 GMT+0700 (Indochina Time) - Peer disconnected: 25JIy9Rabv9OsZfUAAAB
Wed Apr 16 2025 10:18:26 GMT+0700 (Indochina Time) - Peer disconnected: Sd-QNvYTohqurKYBAAAF
Wed Apr 16 2025 10:35:32 GMT+0700 (Indochina Time) - Peer connected: Y2nCtKMTgPQ_1WFGAAAJ
Wed Apr 16 2025 10:39:41 GMT+0700 (Indochina Time) - Peer connected: 3nCmXDEhCkhKdCE4AAAL
Wed Apr 16 2025 10:40:03 GMT+0700 (Indochina Time) - Peer disconnected: 3nCmXDEhCkhKdCE4AAAL
Wed Apr 16 2025 10:42:35 GMT+0700 (Indochina Time) - Peer disconnected: Y2nCtKMTgPQ_1WFGAAAJ
Wed Apr 16 2025 11:01:46 GMT+0700 (Indochina Time) - Peer connected: 3uuKftC-ybY4AzlRAAAB
Wed Apr 16 2025 11:01:54 GMT+0700 (Indochina Time) - Peer connected: kZslPZ1rwVqb4cm9AAAD
Wed Apr 16 2025 11:01:54 GMT+0700 (Indochina Time) - Peer connected: fFfd0wQRcbqD5YPZAAAF
Wed Apr 16 2025 11:02:02 GMT+0700 (Indochina Time) - Stream started by fFfd0wQRcbqD5YPZAAAF
Wed Apr 16 2025 11:02:07 GMT+0700 (Indochina Time) - Peer connected: tPuT8N-_04jCYQCdAAAH
Wed Apr 16 2025 11:02:07 GMT+0700 (Indochina Time) - Peer connected: t_ID9rXRXawi68S3AAAJ
Wed Apr 16 2025 11:06:16 GMT+0700 (Indochina Time) - Peer connected: oCePoZxtY02_P6BaAAAB
Wed Apr 16 2025 11:06:16 GMT+0700 (Indochina Time) - Peer connected: HpKv3CBaCo_woXm1AAAD
Wed Apr 16 2025 11:06:17 GMT+0700 (Indochina Time) - Peer connected: oNZ6xzxZ1VmtqIUeAAAG
Wed Apr 16 2025 11:06:17 GMT+0700 (Indochina Time) - Peer connected: Y8wup6J6X4XWH1F3AAAH
Wed Apr 16 2025 11:06:19 GMT+0700 (Indochina Time) - Peer connected: ikIZsdZrQEASu94CAAAJ
Wed Apr 16 2025 11:18:01 GMT+0700 (Indochina Time) - Peer disconnected: oCePoZxtY02_P6BaAAAB
Wed Apr 16 2025 11:18:01 GMT+0700 (Indochina Time) - Peer disconnected: HpKv3CBaCo_woXm1AAAD
Wed Apr 16 2025 11:18:02 GMT+0700 (Indochina Time) - Peer connected: v8D30VSNCgBrYvBLAAAL
Wed Apr 16 2025 11:18:06 GMT+0700 (Indochina Time) - Stream started by v8D30VSNCgBrYvBLAAAL
Wed Apr 16 2025 11:18:44 GMT+0700 (Indochina Time) - Peer connected: 0kNpA3QVJKaYgsiIAAAB
Wed Apr 16 2025 11:18:45 GMT+0700 (Indochina Time) - Peer connected: xV8N5_wy8s_x_Im_AAAE
Wed Apr 16 2025 11:18:45 GMT+0700 (Indochina Time) - Peer connected: jCAk5JP-RBP_Z1gzAAAF
Wed Apr 16 2025 11:18:45 GMT+0700 (Indochina Time) - Peer connected: T0Lbhyl4eRuSOnU8AAAH
Wed Apr 16 2025 11:18:54 GMT+0700 (Indochina Time) - Peer disconnected: xV8N5_wy8s_x_Im_AAAE
Wed Apr 16 2025 11:18:54 GMT+0700 (Indochina Time) - Peer disconnected: jCAk5JP-RBP_Z1gzAAAF
Wed Apr 16 2025 11:18:54 GMT+0700 (Indochina Time) - Peer connected: 758-awh7os-UyjAQAAAJ
Wed Apr 16 2025 11:19:09 GMT+0700 (Indochina Time) - Stream stopped by 0kNpA3QVJKaYgsiIAAAB
Wed Apr 16 2025 11:19:11 GMT+0700 (Indochina Time) - Stream started by 0kNpA3QVJKaYgsiIAAAB
Wed Apr 16 2025 11:21:19 GMT+0700 (Indochina Time) - Stream stopped by 0kNpA3QVJKaYgsiIAAAB
Wed Apr 16 2025 11:21:25 GMT+0700 (Indochina Time) - Peer disconnected: 0kNpA3QVJKaYgsiIAAAB
